2025-11-28 09:03:05,141 INFO o.a.j.u.JMeterUtils: Setting Locale to en_EN
2025-11-28 09:03:05,163 INFO o.a.j.JMeter: Loading user properties from: D:\som\apache-jmeter-5.6.3\bin\user.properties
2025-11-28 09:03:05,163 INFO o.a.j.JMeter: Loading system properties from: D:\som\apache-jmeter-5.6.3\bin\system.properties
2025-11-28 09:03:05,175 INFO o.a.j.JMeter: Copyright (c) 1998-2024 The Apache Software Foundation
2025-11-28 09:03:05,176 INFO o.a.j.JMeter: Version 5.6.3
2025-11-28 09:03:05,176 INFO o.a.j.JMeter: java.version=1.8.0_281
2025-11-28 09:03:05,176 INFO o.a.j.JMeter: java.vm.name=Java HotSpot(TM) 64-Bit Server VM
2025-11-28 09:03:05,176 INFO o.a.j.JMeter: os.name=Windows 10
2025-11-28 09:03:05,176 INFO o.a.j.JMeter: os.arch=amd64
2025-11-28 09:03:05,176 INFO o.a.j.JMeter: os.version=10.0
2025-11-28 09:03:05,176 INFO o.a.j.JMeter: file.encoding=Cp1252
2025-11-28 09:03:05,177 INFO o.a.j.JMeter: java.awt.headless=null
2025-11-28 09:03:05,177 INFO o.a.j.JMeter: Max memory     =1073741824
2025-11-28 09:03:05,178 INFO o.a.j.JMeter: Available Processors =8
2025-11-28 09:03:05,197 INFO o.a.j.JMeter: Default Locale=English (EN)
2025-11-28 09:03:05,198 INFO o.a.j.JMeter: JMeter  Locale=English (EN)
2025-11-28 09:03:05,198 INFO o.a.j.JMeter: JMeterHome=D:\som\apache-jmeter-5.6.3
2025-11-28 09:03:05,199 INFO o.a.j.JMeter: user.dir  =D:\som\microservices\jmeter
2025-11-28 09:03:05,199 INFO o.a.j.JMeter: PWD       =D:\som\microservices\jmeter
2025-11-28 09:03:05,203 INFO o.a.j.JMeter: IP: 10.20.1.138 Name: MTNP002 FullName: MTNP002.corp.mobile-technologies.com
2025-11-28 09:03:05,238 INFO o.a.j.JMeter: Loaded icon properties from org/apache/jmeter/images/icon.properties
2025-11-28 09:03:05,501 INFO o.a.j.JMeterGuiLauncher: Setting LAF to: com.github.weisj.darklaf.DarkLaf:com.github.weisj.darklaf.theme.DarculaTheme
2025-11-28 09:03:13,107 INFO o.a.j.s.FileServer: Default base='D:\som\microservices\jmeter'
2025-11-28 09:03:13,107 INFO o.a.j.g.a.Load: Loading file: D:\som\microservices\jmeter\Cart Service.jmx
2025-11-28 09:03:13,107 INFO o.a.j.s.FileServer: Set new base='D:\som\microservices\jmeter'
2025-11-28 09:03:13,266 INFO o.a.j.s.SaveService: Testplan (JMX) version: 2.2. Testlog (JTL) version: 2.2
2025-11-28 09:03:13,288 INFO o.a.j.s.SaveService: Using SaveService properties file encoding UTF-8
2025-11-28 09:03:13,290 INFO o.a.j.s.SaveService: Using SaveService properties version 5.0
2025-11-28 09:03:13,292 INFO o.a.j.s.SaveService: Loading file: D:\som\microservices\jmeter\Cart Service.jmx
2025-11-28 09:03:13,328 INFO o.a.j.p.h.s.HTTPSamplerBase: Parser for text/html is org.apache.jmeter.protocol.http.parser.LagartoBasedHtmlParser
2025-11-28 09:03:13,328 INFO o.a.j.p.h.s.HTTPSamplerBase: Parser for application/xhtml+xml is org.apache.jmeter.protocol.http.parser.LagartoBasedHtmlParser
2025-11-28 09:03:13,328 INFO o.a.j.p.h.s.HTTPSamplerBase: Parser for application/xml is org.apache.jmeter.protocol.http.parser.LagartoBasedHtmlParser
2025-11-28 09:03:13,328 INFO o.a.j.p.h.s.HTTPSamplerBase: Parser for text/xml is org.apache.jmeter.protocol.http.parser.LagartoBasedHtmlParser
2025-11-28 09:03:13,328 INFO o.a.j.p.h.s.HTTPSamplerBase: Parser for text/vnd.wap.wml is org.apache.jmeter.protocol.http.parser.RegexpHTMLParser
2025-11-28 09:03:13,328 INFO o.a.j.p.h.s.HTTPSamplerBase: Parser for text/css is org.apache.jmeter.protocol.http.parser.CssParser
2025-11-28 09:03:13,543 INFO o.a.j.s.SampleResult: Note: Sample TimeStamps are START times
2025-11-28 09:03:13,544 INFO o.a.j.s.SampleResult: sampleresult.default.encoding is set to UTF-8
2025-11-28 09:03:13,544 INFO o.a.j.s.SampleResult: sampleresult.useNanoTime=true
2025-11-28 09:03:13,544 INFO o.a.j.s.SampleResult: sampleresult.nanoThreadSleep=5000
2025-11-28 09:03:13,897 INFO o.a.j.s.FileServer: Set new base='D:\som\microservices\jmeter'
2025-11-28 09:04:33,340 INFO o.a.j.e.StandardJMeterEngine: Running the test!
2025-11-28 09:04:33,340 INFO o.a.j.s.SampleEvent: List of sample_variables: []
2025-11-28 09:04:33,340 INFO o.a.j.s.SampleEvent: List of sample_variables: []
2025-11-28 09:04:33,346 INFO o.a.j.e.u.CompoundVariable: Note: Function class names must contain the string: '.functions.'
2025-11-28 09:04:33,346 INFO o.a.j.e.u.CompoundVariable: Note: Function class names must not contain the string: '.gui.'
2025-11-28 09:04:33,657 INFO o.a.j.g.u.JMeterMenuBar: setRunning(true, *local*)
2025-11-28 09:04:33,766 INFO o.a.j.e.StandardJMeterEngine: Starting ThreadGroup: 1 : Cart Service
2025-11-28 09:04:33,766 INFO o.a.j.e.StandardJMeterEngine: Starting 200 threads for group Cart Service.
2025-11-28 09:04:33,766 INFO o.a.j.e.StandardJMeterEngine: Thread will continue on error
2025-11-28 09:04:33,766 INFO o.a.j.t.ThreadGroup: Starting thread group... number=1 threads=200 ramp-up=2 delayedStart=false
2025-11-28 09:04:33,781 INFO o.a.j.t.JMeterThread: Thread started: Cart Service 1-1
2025-11-28 09:04:33,785 INFO o.a.j.t.JMeterThread: Thread started: Cart Service 1-2
2025-11-28 09:04:33,798 INFO o.a.j.t.JMeterThread: Thread started: Cart Service 1-3
2025-11-28 09:04:33,798 INFO o.a.j.t.JMeterThread: Thread started: Cart Service 1-4
2025-11-28 09:04:33,809 INFO o.a.j.t.JMeterThread: Thread started: Cart Service 1-5
2025-11-28 09:04:33,810 INFO o.a.j.p.h.s.HTTPHCAbstractImpl: Local host = MTNP002
2025-11-28 09:04:33,820 INFO o.a.j.t.JMeterThread: Thread started: Cart Service 1-6
2025-11-28 09:04:33,824 INFO o.a.j.p.h.s.HTTPHC4Impl: HTTP request retry count = 0
2025-11-28 09:04:33,832 INFO o.a.j.t.JMeterThread: Thread started: Cart Service 1-7
2025-11-28 09:04:33,840 INFO o.a.j.t.JMeterThread: Thread started: Cart Service 1-8
2025-11-28 09:04:33,851 INFO o.a.j.t.JMeterThread: Thread started: Cart Service 1-9
2025-11-28 09:04:33,861 INFO o.a.j.t.JMeterThread: Thread started: Cart Service 1-10
2025-11-28 09:04:33,881 INFO o.a.j.t.JMeterThread: Thread started: Cart Service 1-11
2025-11-28 09:04:33,881 INFO o.a.j.t.JMeterThread: Thread started: Cart Service 1-12
2025-11-28 09:04:33,887 INFO o.a.j.t.JMeterThread: Thread started: Cart Service 1-13
2025-11-28 09:04:33,898 INFO o.a.j.t.JMeterThread: Thread started: Cart Service 1-14
2025-11-28 09:04:33,908 INFO o.a.j.t.JMeterThread: Thread started: Cart Service 1-15
2025-11-28 09:04:33,909 INFO o.a.j.t.ThreadGroup: Started thread group number 1
2025-11-28 09:04:33,909 INFO o.a.j.e.StandardJMeterEngine: All thread groups have been started
2025-11-28 09:04:33,918 INFO o.a.j.t.JMeterThread: Thread started: Cart Service 1-16
2025-11-28 09:04:33,928 INFO o.a.j.t.JMeterThread: Thread started: Cart Service 1-17
2025-11-28 09:04:33,937 INFO o.a.j.t.JMeterThread: Thread started: Cart Service 1-18
2025-11-28 09:04:33,947 INFO o.a.j.t.JMeterThread: Thread started: Cart Service 1-19
2025-11-28 09:04:33,959 INFO o.a.j.t.JMeterThread: Thread started: Cart Service 1-20
2025-11-28 09:04:33,969 INFO o.a.j.t.JMeterThread: Thread started: Cart Service 1-21
2025-11-28 09:04:33,977 INFO o.a.j.t.JMeterThread: Thread started: Cart Service 1-22
2025-11-28 09:04:33,989 INFO o.a.j.t.JMeterThread: Thread started: Cart Service 1-23
2025-11-28 09:04:33,998 INFO o.a.j.t.JMeterThread: Thread started: Cart Service 1-24
2025-11-28 09:04:34,008 INFO o.a.j.t.JMeterThread: Thread started: Cart Service 1-25
2025-11-28 09:04:34,018 INFO o.a.j.t.JMeterThread: Thread started: Cart Service 1-26
2025-11-28 09:04:34,027 INFO o.a.j.t.JMeterThread: Thread started: Cart Service 1-27
2025-11-28 09:04:34,038 INFO o.a.j.t.JMeterThread: Thread started: Cart Service 1-28
2025-11-28 09:04:34,048 INFO o.a.j.t.JMeterThread: Thread started: Cart Service 1-29
2025-11-28 09:04:34,058 INFO o.a.j.t.JMeterThread: Thread started: Cart Service 1-30
2025-11-28 09:04:34,068 INFO o.a.j.t.JMeterThread: Thread started: Cart Service 1-31
2025-11-28 09:04:34,079 INFO o.a.j.t.JMeterThread: Thread started: Cart Service 1-32
2025-11-28 09:04:34,089 INFO o.a.j.t.JMeterThread: Thread started: Cart Service 1-33
2025-11-28 09:04:34,098 INFO o.a.j.t.JMeterThread: Thread started: Cart Service 1-34
2025-11-28 09:04:34,108 INFO o.a.j.t.JMeterThread: Thread started: Cart Service 1-35
2025-11-28 09:04:34,118 INFO o.a.j.t.JMeterThread: Thread started: Cart Service 1-36
2025-11-28 09:04:34,127 INFO o.a.j.t.JMeterThread: Thread started: Cart Service 1-37
2025-11-28 09:04:34,139 INFO o.a.j.t.JMeterThread: Thread started: Cart Service 1-38
2025-11-28 09:04:34,150 INFO o.a.j.t.JMeterThread: Thread started: Cart Service 1-39
2025-11-28 09:04:34,158 INFO o.a.j.t.JMeterThread: Thread started: Cart Service 1-40
2025-11-28 09:04:34,186 INFO o.a.j.t.JMeterThread: Thread started: Cart Service 1-41
2025-11-28 09:04:34,187 INFO o.a.j.t.JMeterThread: Thread started: Cart Service 1-42
2025-11-28 09:04:34,188 INFO o.a.j.t.JMeterThread: Thread started: Cart Service 1-43
2025-11-28 09:04:34,199 INFO o.a.j.t.JMeterThread: Thread started: Cart Service 1-44
2025-11-28 09:04:34,207 INFO o.a.j.t.JMeterThread: Thread started: Cart Service 1-45
2025-11-28 09:04:34,222 INFO o.a.j.t.JMeterThread: Thread started: Cart Service 1-46
2025-11-28 09:04:34,228 INFO o.a.j.t.JMeterThread: Thread started: Cart Service 1-47
2025-11-28 09:04:34,237 INFO o.a.j.t.JMeterThread: Thread started: Cart Service 1-48
2025-11-28 09:04:34,246 INFO o.a.j.t.JMeterThread: Thread started: Cart Service 1-49
2025-11-28 09:04:34,260 INFO o.a.j.t.JMeterThread: Thread started: Cart Service 1-50
2025-11-28 09:04:34,267 INFO o.a.j.t.JMeterThread: Thread started: Cart Service 1-51
2025-11-28 09:04:34,278 INFO o.a.j.t.JMeterThread: Thread started: Cart Service 1-52
2025-11-28 09:04:34,287 INFO o.a.j.t.JMeterThread: Thread started: Cart Service 1-53
2025-11-28 09:04:34,297 INFO o.a.j.t.JMeterThread: Thread started: Cart Service 1-54
2025-11-28 09:04:34,306 INFO o.a.j.t.JMeterThread: Thread started: Cart Service 1-55
2025-11-28 09:04:34,318 INFO o.a.j.t.JMeterThread: Thread started: Cart Service 1-56
2025-11-28 09:04:34,327 INFO o.a.j.t.JMeterThread: Thread started: Cart Service 1-57
2025-11-28 09:04:34,337 INFO o.a.j.t.JMeterThread: Thread started: Cart Service 1-58
2025-11-28 09:04:34,347 INFO o.a.j.t.JMeterThread: Thread started: Cart Service 1-59
2025-11-28 09:04:34,365 INFO o.a.j.t.JMeterThread: Thread started: Cart Service 1-60
2025-11-28 09:04:34,369 INFO o.a.j.t.JMeterThread: Thread started: Cart Service 1-61
2025-11-28 09:04:34,377 INFO o.a.j.t.JMeterThread: Thread started: Cart Service 1-62
2025-11-28 09:04:34,388 INFO o.a.j.t.JMeterThread: Thread started: Cart Service 1-63
2025-11-28 09:04:34,397 INFO o.a.j.t.JMeterThread: Thread started: Cart Service 1-64
2025-11-28 09:04:34,408 INFO o.a.j.t.JMeterThread: Thread started: Cart Service 1-65
2025-11-28 09:04:34,418 INFO o.a.j.t.JMeterThread: Thread started: Cart Service 1-66
2025-11-28 09:04:34,428 INFO o.a.j.t.JMeterThread: Thread started: Cart Service 1-67
2025-11-28 09:04:34,438 INFO o.a.j.t.JMeterThread: Thread started: Cart Service 1-68
2025-11-28 09:04:34,447 INFO o.a.j.t.JMeterThread: Thread started: Cart Service 1-69
2025-11-28 09:04:34,458 INFO o.a.j.t.JMeterThread: Thread started: Cart Service 1-70
2025-11-28 09:04:34,468 INFO o.a.j.t.JMeterThread: Thread started: Cart Service 1-71
2025-11-28 09:04:34,477 INFO o.a.j.t.JMeterThread: Thread started: Cart Service 1-72
2025-11-28 09:04:34,488 INFO o.a.j.t.JMeterThread: Thread started: Cart Service 1-73
2025-11-28 09:04:34,498 INFO o.a.j.t.JMeterThread: Thread started: Cart Service 1-74
2025-11-28 09:04:34,507 INFO o.a.j.t.JMeterThread: Thread started: Cart Service 1-75
2025-11-28 09:04:34,517 INFO o.a.j.t.JMeterThread: Thread started: Cart Service 1-76
2025-11-28 09:04:34,528 INFO o.a.j.t.JMeterThread: Thread started: Cart Service 1-77
2025-11-28 09:04:34,539 INFO o.a.j.t.JMeterThread: Thread started: Cart Service 1-78
2025-11-28 09:04:34,547 INFO o.a.j.t.JMeterThread: Thread started: Cart Service 1-79
2025-11-28 09:04:34,558 INFO o.a.j.t.JMeterThread: Thread started: Cart Service 1-80
2025-11-28 09:04:34,568 INFO o.a.j.t.JMeterThread: Thread started: Cart Service 1-81
2025-11-28 09:04:34,578 INFO o.a.j.t.JMeterThread: Thread started: Cart Service 1-82
2025-11-28 09:04:34,588 INFO o.a.j.t.JMeterThread: Thread started: Cart Service 1-83
2025-11-28 09:04:34,597 INFO o.a.j.t.JMeterThread: Thread started: Cart Service 1-84
2025-11-28 09:04:34,608 INFO o.a.j.t.JMeterThread: Thread started: Cart Service 1-85
2025-11-28 09:04:34,618 INFO o.a.j.t.JMeterThread: Thread started: Cart Service 1-86
2025-11-28 09:04:34,628 INFO o.a.j.t.JMeterThread: Thread started: Cart Service 1-87
2025-11-28 09:04:34,637 INFO o.a.j.t.JMeterThread: Thread started: Cart Service 1-88
2025-11-28 09:04:34,648 INFO o.a.j.t.JMeterThread: Thread started: Cart Service 1-89
2025-11-28 09:04:34,657 INFO o.a.j.t.JMeterThread: Thread started: Cart Service 1-90
2025-11-28 09:04:34,666 INFO o.a.j.t.JMeterThread: Thread started: Cart Service 1-91
2025-11-28 09:04:34,679 INFO o.a.j.t.JMeterThread: Thread started: Cart Service 1-92
2025-11-28 09:04:34,688 INFO o.a.j.t.JMeterThread: Thread started: Cart Service 1-93
2025-11-28 09:04:34,702 INFO o.a.j.t.JMeterThread: Thread started: Cart Service 1-94
2025-11-28 09:04:34,709 INFO o.a.j.t.JMeterThread: Thread started: Cart Service 1-95
2025-11-28 09:04:34,720 INFO o.a.j.t.JMeterThread: Thread started: Cart Service 1-96
2025-11-28 09:04:34,735 INFO o.a.j.t.JMeterThread: Thread started: Cart Service 1-97
2025-11-28 09:04:34,739 INFO o.a.j.t.JMeterThread: Thread started: Cart Service 1-98
2025-11-28 09:04:34,749 INFO o.a.j.t.JMeterThread: Thread started: Cart Service 1-99
2025-11-28 09:04:34,758 INFO o.a.j.t.JMeterThread: Thread started: Cart Service 1-100
2025-11-28 09:04:34,770 INFO o.a.j.t.JMeterThread: Thread started: Cart Service 1-101
2025-11-28 09:04:34,777 INFO o.a.j.t.JMeterThread: Thread started: Cart Service 1-102
2025-11-28 09:04:34,788 INFO o.a.j.t.JMeterThread: Thread started: Cart Service 1-103
2025-11-28 09:04:34,800 INFO o.a.j.t.JMeterThread: Thread started: Cart Service 1-104
2025-11-28 09:04:34,807 INFO o.a.j.t.JMeterThread: Thread started: Cart Service 1-105
2025-11-28 09:04:34,823 INFO o.a.j.t.JMeterThread: Thread started: Cart Service 1-106
2025-11-28 09:04:34,827 INFO o.a.j.t.JMeterThread: Thread started: Cart Service 1-107
2025-11-28 09:04:34,837 INFO o.a.j.t.JMeterThread: Thread started: Cart Service 1-108
2025-11-28 09:04:34,846 INFO o.a.j.t.JMeterThread: Thread started: Cart Service 1-109
2025-11-28 09:04:34,859 INFO o.a.j.t.JMeterThread: Thread started: Cart Service 1-110
2025-11-28 09:04:34,867 INFO o.a.j.t.JMeterThread: Thread started: Cart Service 1-111
2025-11-28 09:04:34,881 INFO o.a.j.t.JMeterThread: Thread started: Cart Service 1-112
2025-11-28 09:04:34,894 INFO o.a.j.t.JMeterThread: Thread started: Cart Service 1-113
2025-11-28 09:04:34,897 INFO o.a.j.t.JMeterThread: Thread started: Cart Service 1-114
2025-11-28 09:04:34,909 INFO o.a.j.t.JMeterThread: Thread started: Cart Service 1-115
2025-11-28 09:04:34,920 INFO o.a.j.t.JMeterThread: Thread started: Cart Service 1-116
2025-11-28 09:04:34,927 INFO o.a.j.t.JMeterThread: Thread started: Cart Service 1-117
2025-11-28 09:04:34,937 INFO o.a.j.t.JMeterThread: Thread started: Cart Service 1-118
2025-11-28 09:04:34,947 INFO o.a.j.t.JMeterThread: Thread started: Cart Service 1-119
2025-11-28 09:04:34,956 INFO o.a.j.t.JMeterThread: Thread started: Cart Service 1-120
2025-11-28 09:04:34,968 INFO o.a.j.t.JMeterThread: Thread started: Cart Service 1-121
2025-11-28 09:04:34,976 INFO o.a.j.t.JMeterThread: Thread started: Cart Service 1-122
2025-11-28 09:04:34,988 INFO o.a.j.t.JMeterThread: Thread started: Cart Service 1-123
2025-11-28 09:04:34,997 INFO o.a.j.t.JMeterThread: Thread started: Cart Service 1-124
2025-11-28 09:04:35,029 INFO o.a.j.t.JMeterThread: Thread started: Cart Service 1-127
2025-11-28 09:04:35,030 INFO o.a.j.t.JMeterThread: Thread started: Cart Service 1-126
2025-11-28 09:04:35,030 INFO o.a.j.t.JMeterThread: Thread started: Cart Service 1-125
2025-11-28 09:04:35,045 INFO o.a.j.t.JMeterThread: Thread started: Cart Service 1-128
2025-11-28 09:04:35,049 INFO o.a.j.t.JMeterThread: Thread started: Cart Service 1-129
2025-11-28 09:04:35,063 INFO o.a.j.t.JMeterThread: Thread started: Cart Service 1-130
2025-11-28 09:04:35,067 INFO o.a.j.t.JMeterThread: Thread started: Cart Service 1-131
2025-11-28 09:04:35,079 INFO o.a.j.t.JMeterThread: Thread started: Cart Service 1-132
2025-11-28 09:04:35,088 INFO o.a.j.t.JMeterThread: Thread started: Cart Service 1-133
2025-11-28 09:04:35,109 INFO o.a.j.t.JMeterThread: Thread started: Cart Service 1-135
2025-11-28 09:04:35,122 INFO o.a.j.t.JMeterThread: Thread started: Cart Service 1-136
2025-11-28 09:04:35,129 INFO o.a.j.t.JMeterThread: Thread started: Cart Service 1-137
2025-11-28 09:04:35,139 INFO o.a.j.t.JMeterThread: Thread started: Cart Service 1-138
2025-11-28 09:04:35,143 INFO o.a.j.t.JMeterThread: Thread started: Cart Service 1-134
2025-11-28 09:04:35,149 INFO o.a.j.t.JMeterThread: Thread started: Cart Service 1-139
2025-11-28 09:04:35,177 INFO o.a.j.t.JMeterThread: Thread started: Cart Service 1-142
2025-11-28 09:04:35,178 INFO o.a.j.t.JMeterThread: Thread started: Cart Service 1-140
2025-11-28 09:04:35,187 INFO o.a.j.t.JMeterThread: Thread started: Cart Service 1-143
2025-11-28 09:04:35,188 INFO o.a.j.t.JMeterThread: Thread started: Cart Service 1-141
2025-11-28 09:04:35,197 INFO o.a.j.t.JMeterThread: Thread started: Cart Service 1-144
2025-11-28 09:04:35,206 INFO o.a.j.t.JMeterThread: Thread started: Cart Service 1-145
2025-11-28 09:04:35,222 INFO o.a.j.t.JMeterThread: Thread started: Cart Service 1-146
2025-11-28 09:04:35,231 INFO o.a.j.t.JMeterThread: Thread started: Cart Service 1-147
2025-11-28 09:04:35,239 INFO o.a.j.t.JMeterThread: Thread started: Cart Service 1-148
2025-11-28 09:04:35,263 INFO o.a.j.t.JMeterThread: Thread started: Cart Service 1-149
2025-11-28 09:04:35,263 INFO o.a.j.t.JMeterThread: Thread started: Cart Service 1-150
2025-11-28 09:04:35,270 INFO o.a.j.t.JMeterThread: Thread started: Cart Service 1-151
2025-11-28 09:04:35,282 INFO o.a.j.t.JMeterThread: Thread started: Cart Service 1-152
2025-11-28 09:04:35,292 INFO o.a.j.t.JMeterThread: Thread started: Cart Service 1-153
2025-11-28 09:04:35,301 INFO o.a.j.t.JMeterThread: Thread started: Cart Service 1-154
2025-11-28 09:04:35,329 INFO o.a.j.t.JMeterThread: Thread started: Cart Service 1-156
2025-11-28 09:04:35,329 INFO o.a.j.t.JMeterThread: Thread started: Cart Service 1-157
2025-11-28 09:04:35,329 INFO o.a.j.t.JMeterThread: Thread started: Cart Service 1-155
2025-11-28 09:04:35,338 INFO o.a.j.t.JMeterThread: Thread started: Cart Service 1-158
2025-11-28 09:04:35,347 INFO o.a.j.t.JMeterThread: Thread started: Cart Service 1-159
2025-11-28 09:04:35,357 INFO o.a.j.t.JMeterThread: Thread started: Cart Service 1-160
2025-11-28 09:04:35,368 INFO o.a.j.t.JMeterThread: Thread started: Cart Service 1-161
2025-11-28 09:04:35,378 INFO o.a.j.t.JMeterThread: Thread started: Cart Service 1-162
2025-11-28 09:04:35,387 INFO o.a.j.t.JMeterThread: Thread started: Cart Service 1-163
2025-11-28 09:04:35,396 INFO o.a.j.t.JMeterThread: Thread started: Cart Service 1-164
2025-11-28 09:04:35,410 INFO o.a.j.t.JMeterThread: Thread started: Cart Service 1-165
2025-11-28 09:04:35,417 INFO o.a.j.t.JMeterThread: Thread started: Cart Service 1-166
2025-11-28 09:04:35,426 INFO o.a.j.t.JMeterThread: Thread started: Cart Service 1-167
2025-11-28 09:04:35,438 INFO o.a.j.t.JMeterThread: Thread started: Cart Service 1-168
2025-11-28 09:04:35,447 INFO o.a.j.t.JMeterThread: Thread started: Cart Service 1-169
2025-11-28 09:04:35,459 INFO o.a.j.t.JMeterThread: Thread started: Cart Service 1-170
2025-11-28 09:04:35,467 INFO o.a.j.t.JMeterThread: Thread started: Cart Service 1-171
2025-11-28 09:04:35,477 INFO o.a.j.t.JMeterThread: Thread started: Cart Service 1-172
2025-11-28 09:04:35,488 INFO o.a.j.t.JMeterThread: Thread started: Cart Service 1-173
2025-11-28 09:04:35,498 INFO o.a.j.t.JMeterThread: Thread started: Cart Service 1-174
2025-11-28 09:04:35,507 INFO o.a.j.t.JMeterThread: Thread started: Cart Service 1-175
2025-11-28 09:04:35,517 INFO o.a.j.t.JMeterThread: Thread started: Cart Service 1-176
2025-11-28 09:04:35,527 INFO o.a.j.t.JMeterThread: Thread started: Cart Service 1-177
2025-11-28 09:04:35,538 INFO o.a.j.t.JMeterThread: Thread started: Cart Service 1-178
2025-11-28 09:04:35,564 INFO o.a.j.t.JMeterThread: Thread started: Cart Service 1-179
2025-11-28 09:04:35,565 INFO o.a.j.t.JMeterThread: Thread started: Cart Service 1-180
2025-11-28 09:04:35,569 INFO o.a.j.t.JMeterThread: Thread started: Cart Service 1-181
2025-11-28 09:04:35,577 INFO o.a.j.t.JMeterThread: Thread started: Cart Service 1-182
2025-11-28 09:04:35,586 INFO o.a.j.t.JMeterThread: Thread started: Cart Service 1-183
2025-11-28 09:04:35,597 INFO o.a.j.t.JMeterThread: Thread started: Cart Service 1-184
2025-11-28 09:04:35,607 INFO o.a.j.t.JMeterThread: Thread started: Cart Service 1-185
2025-11-28 09:04:35,616 INFO o.a.j.t.JMeterThread: Thread started: Cart Service 1-186
2025-11-28 09:04:35,628 INFO o.a.j.t.JMeterThread: Thread started: Cart Service 1-187
2025-11-28 09:04:35,639 INFO o.a.j.t.JMeterThread: Thread started: Cart Service 1-188
2025-11-28 09:04:35,647 INFO o.a.j.t.JMeterThread: Thread started: Cart Service 1-189
2025-11-28 09:04:35,659 INFO o.a.j.t.JMeterThread: Thread started: Cart Service 1-190
2025-11-28 09:04:35,668 INFO o.a.j.t.JMeterThread: Thread started: Cart Service 1-191
2025-11-28 09:04:35,681 INFO o.a.j.t.JMeterThread: Thread started: Cart Service 1-192
2025-11-28 09:04:35,691 INFO o.a.j.t.JMeterThread: Thread started: Cart Service 1-193
2025-11-28 09:04:35,697 INFO o.a.j.t.JMeterThread: Thread started: Cart Service 1-194
2025-11-28 09:04:35,706 INFO o.a.j.t.JMeterThread: Thread started: Cart Service 1-195
2025-11-28 09:04:35,717 INFO o.a.j.t.JMeterThread: Thread started: Cart Service 1-196
2025-11-28 09:04:35,727 INFO o.a.j.t.JMeterThread: Thread started: Cart Service 1-197
2025-11-28 09:04:35,738 INFO o.a.j.t.JMeterThread: Thread started: Cart Service 1-198
2025-11-28 09:04:35,751 INFO o.a.j.t.JMeterThread: Thread started: Cart Service 1-199
2025-11-28 09:04:35,757 INFO o.a.j.t.JMeterThread: Thread started: Cart Service 1-200
2025-11-28 09:04:36,753 INFO o.a.j.t.JMeterThread: Thread is done: Cart Service 1-13
2025-11-28 09:04:36,753 INFO o.a.j.t.JMeterThread: Thread is done: Cart Service 1-5
2025-11-28 09:04:36,753 INFO o.a.j.t.JMeterThread: Thread finished: Cart Service 1-13
2025-11-28 09:04:36,753 INFO o.a.j.t.JMeterThread: Thread finished: Cart Service 1-5
2025-11-28 09:04:36,779 INFO o.a.j.t.JMeterThread: Thread is done: Cart Service 1-25
2025-11-28 09:04:36,779 INFO o.a.j.t.JMeterThread: Thread finished: Cart Service 1-25
2025-11-28 09:04:36,801 INFO o.a.j.t.JMeterThread: Thread is done: Cart Service 1-17
2025-11-28 09:04:36,801 INFO o.a.j.t.JMeterThread: Thread finished: Cart Service 1-17
2025-11-28 09:04:36,814 INFO o.a.j.t.JMeterThread: Thread is done: Cart Service 1-29
2025-11-28 09:04:36,815 INFO o.a.j.t.JMeterThread: Thread finished: Cart Service 1-29
2025-11-28 09:04:36,817 INFO o.a.j.t.JMeterThread: Thread is done: Cart Service 1-19
2025-11-28 09:04:36,817 INFO o.a.j.t.JMeterThread: Thread finished: Cart Service 1-19
2025-11-28 09:04:36,822 INFO o.a.j.t.JMeterThread: Thread is done: Cart Service 1-9
2025-11-28 09:04:36,822 INFO o.a.j.t.JMeterThread: Thread finished: Cart Service 1-9
2025-11-28 09:04:36,840 INFO o.a.j.t.JMeterThread: Thread is done: Cart Service 1-3
2025-11-28 09:04:36,841 INFO o.a.j.t.JMeterThread: Thread finished: Cart Service 1-3
2025-11-28 09:04:36,854 INFO o.a.j.t.JMeterThread: Thread is done: Cart Service 1-18
2025-11-28 09:04:36,855 INFO o.a.j.t.JMeterThread: Thread finished: Cart Service 1-18
2025-11-28 09:04:36,916 INFO o.a.j.t.JMeterThread: Thread is done: Cart Service 1-23
2025-11-28 09:04:36,916 INFO o.a.j.t.JMeterThread: Thread finished: Cart Service 1-23
2025-11-28 09:04:37,583 INFO o.a.j.t.JMeterThread: Thread is done: Cart Service 1-11
2025-11-28 09:04:37,583 INFO o.a.j.t.JMeterThread: Thread finished: Cart Service 1-11
2025-11-28 09:04:37,613 INFO o.a.j.t.JMeterThread: Thread is done: Cart Service 1-30
2025-11-28 09:04:37,613 INFO o.a.j.t.JMeterThread: Thread finished: Cart Service 1-30
2025-11-28 09:04:37,626 INFO o.a.j.t.JMeterThread: Thread is done: Cart Service 1-4
2025-11-28 09:04:37,626 INFO o.a.j.t.JMeterThread: Thread is done: Cart Service 1-8
2025-11-28 09:04:37,626 INFO o.a.j.t.JMeterThread: Thread finished: Cart Service 1-8
2025-11-28 09:04:37,626 INFO o.a.j.t.JMeterThread: Thread finished: Cart Service 1-4
2025-11-28 09:04:37,633 INFO o.a.j.t.JMeterThread: Thread is done: Cart Service 1-6
2025-11-28 09:04:37,633 INFO o.a.j.t.JMeterThread: Thread finished: Cart Service 1-6
2025-11-28 09:04:37,708 INFO o.a.j.t.JMeterThread: Thread is done: Cart Service 1-26
2025-11-28 09:04:37,708 INFO o.a.j.t.JMeterThread: Thread finished: Cart Service 1-26
2025-11-28 09:04:37,751 INFO o.a.j.t.JMeterThread: Thread is done: Cart Service 1-21
2025-11-28 09:04:37,751 INFO o.a.j.t.JMeterThread: Thread finished: Cart Service 1-21
2025-11-28 09:04:37,793 INFO o.a.j.t.JMeterThread: Thread is done: Cart Service 1-2
2025-11-28 09:04:37,793 INFO o.a.j.t.JMeterThread: Thread finished: Cart Service 1-2
2025-11-28 09:04:37,821 INFO o.a.j.t.JMeterThread: Thread is done: Cart Service 1-28
2025-11-28 09:04:37,821 INFO o.a.j.t.JMeterThread: Thread finished: Cart Service 1-28
2025-11-28 09:04:37,868 INFO o.a.j.t.JMeterThread: Thread is done: Cart Service 1-24
2025-11-28 09:04:37,869 INFO o.a.j.t.JMeterThread: Thread finished: Cart Service 1-24
2025-11-28 09:04:38,569 INFO o.a.j.t.JMeterThread: Thread is done: Cart Service 1-27
2025-11-28 09:04:38,569 INFO o.a.j.t.JMeterThread: Thread finished: Cart Service 1-27
2025-11-28 09:04:38,630 INFO o.a.j.t.JMeterThread: Thread is done: Cart Service 1-31
2025-11-28 09:04:38,630 INFO o.a.j.t.JMeterThread: Thread finished: Cart Service 1-31
2025-11-28 09:04:38,658 INFO o.a.j.t.JMeterThread: Thread is done: Cart Service 1-1
2025-11-28 09:04:38,658 INFO o.a.j.t.JMeterThread: Thread finished: Cart Service 1-1
2025-11-28 09:04:38,709 INFO o.a.j.t.JMeterThread: Thread is done: Cart Service 1-14
2025-11-28 09:04:38,709 INFO o.a.j.t.JMeterThread: Thread finished: Cart Service 1-14
2025-11-28 09:04:38,718 INFO o.a.j.t.JMeterThread: Thread is done: Cart Service 1-10
2025-11-28 09:04:38,718 INFO o.a.j.t.JMeterThread: Thread finished: Cart Service 1-10
2025-11-28 09:04:38,763 INFO o.a.j.t.JMeterThread: Thread is done: Cart Service 1-22
2025-11-28 09:04:38,763 INFO o.a.j.t.JMeterThread: Thread finished: Cart Service 1-22
2025-11-28 09:04:38,772 INFO o.a.j.t.JMeterThread: Thread is done: Cart Service 1-12
2025-11-28 09:04:38,773 INFO o.a.j.t.JMeterThread: Thread finished: Cart Service 1-12
2025-11-28 09:04:38,804 INFO o.a.j.t.JMeterThread: Thread is done: Cart Service 1-15
2025-11-28 09:04:38,804 INFO o.a.j.t.JMeterThread: Thread finished: Cart Service 1-15
2025-11-28 09:04:38,884 INFO o.a.j.t.JMeterThread: Thread is done: Cart Service 1-16
2025-11-28 09:04:38,885 INFO o.a.j.t.JMeterThread: Thread finished: Cart Service 1-16
2025-11-28 09:04:38,899 INFO o.a.j.t.JMeterThread: Thread is done: Cart Service 1-7
2025-11-28 09:04:38,899 INFO o.a.j.t.JMeterThread: Thread finished: Cart Service 1-7
2025-11-28 09:04:39,661 INFO o.a.j.t.JMeterThread: Thread is done: Cart Service 1-20
2025-11-28 09:04:39,661 INFO o.a.j.t.JMeterThread: Thread finished: Cart Service 1-20
2025-11-28 09:04:39,728 INFO o.a.j.t.JMeterThread: Thread is done: Cart Service 1-38
2025-11-28 09:04:39,728 INFO o.a.j.t.JMeterThread: Thread finished: Cart Service 1-38
2025-11-28 09:04:39,733 INFO o.a.j.t.JMeterThread: Thread is done: Cart Service 1-42
2025-11-28 09:04:39,734 INFO o.a.j.t.JMeterThread: Thread finished: Cart Service 1-42
2025-11-28 09:04:39,789 INFO o.a.j.t.JMeterThread: Thread is done: Cart Service 1-33
2025-11-28 09:04:39,790 INFO o.a.j.t.JMeterThread: Thread finished: Cart Service 1-33
2025-11-28 09:04:39,802 INFO o.a.j.t.JMeterThread: Thread is done: Cart Service 1-32
2025-11-28 09:04:39,802 INFO o.a.j.t.JMeterThread: Thread finished: Cart Service 1-32
2025-11-28 09:04:39,839 INFO o.a.j.t.JMeterThread: Thread is done: Cart Service 1-45
2025-11-28 09:04:39,840 INFO o.a.j.t.JMeterThread: Thread finished: Cart Service 1-45
2025-11-28 09:04:39,861 INFO o.a.j.t.JMeterThread: Thread is done: Cart Service 1-41
2025-11-28 09:04:39,862 INFO o.a.j.t.JMeterThread: Thread finished: Cart Service 1-41
2025-11-28 09:04:39,881 INFO o.a.j.t.JMeterThread: Thread is done: Cart Service 1-44
2025-11-28 09:04:39,881 INFO o.a.j.t.JMeterThread: Thread finished: Cart Service 1-44
2025-11-28 09:04:39,928 INFO o.a.j.t.JMeterThread: Thread is done: Cart Service 1-40
2025-11-28 09:04:39,928 INFO o.a.j.t.JMeterThread: Thread finished: Cart Service 1-40
2025-11-28 09:04:39,932 INFO o.a.j.t.JMeterThread: Thread is done: Cart Service 1-34
2025-11-28 09:04:39,932 INFO o.a.j.t.JMeterThread: Thread finished: Cart Service 1-34
2025-11-28 09:04:40,846 INFO o.a.j.t.JMeterThread: Thread is done: Cart Service 1-51
2025-11-28 09:04:40,846 INFO o.a.j.t.JMeterThread: Thread finished: Cart Service 1-51
2025-11-28 09:04:40,883 INFO o.a.j.t.JMeterThread: Thread is done: Cart Service 1-49
2025-11-28 09:04:40,883 INFO o.a.j.t.JMeterThread: Thread finished: Cart Service 1-49
2025-11-28 09:04:40,973 INFO o.a.j.t.JMeterThread: Thread is done: Cart Service 1-36
2025-11-28 09:04:40,973 INFO o.a.j.t.JMeterThread: Thread finished: Cart Service 1-36
2025-11-28 09:04:40,990 INFO o.a.j.t.JMeterThread: Thread is done: Cart Service 1-35
2025-11-28 09:04:40,990 INFO o.a.j.t.JMeterThread: Thread is done: Cart Service 1-48
2025-11-28 09:04:40,990 INFO o.a.j.t.JMeterThread: Thread finished: Cart Service 1-35
2025-11-28 09:04:40,990 INFO o.a.j.t.JMeterThread: Thread finished: Cart Service 1-48
2025-11-28 09:04:41,023 INFO o.a.j.t.JMeterThread: Thread is done: Cart Service 1-58
2025-11-28 09:04:41,023 INFO o.a.j.t.JMeterThread: Thread finished: Cart Service 1-58
2025-11-28 09:04:41,023 INFO o.a.j.t.JMeterThread: Thread is done: Cart Service 1-39
2025-11-28 09:04:41,023 INFO o.a.j.t.JMeterThread: Thread finished: Cart Service 1-39
2025-11-28 09:04:41,034 INFO o.a.j.t.JMeterThread: Thread is done: Cart Service 1-37
2025-11-28 09:04:41,034 INFO o.a.j.t.JMeterThread: Thread finished: Cart Service 1-37
2025-11-28 09:04:41,102 INFO o.a.j.t.JMeterThread: Thread is done: Cart Service 1-59
2025-11-28 09:04:41,102 INFO o.a.j.t.JMeterThread: Thread finished: Cart Service 1-59
2025-11-28 09:04:41,154 INFO o.a.j.t.JMeterThread: Thread is done: Cart Service 1-46
2025-11-28 09:04:41,154 INFO o.a.j.t.JMeterThread: Thread finished: Cart Service 1-46
2025-11-28 09:04:41,953 INFO o.a.j.t.JMeterThread: Thread is done: Cart Service 1-47
2025-11-28 09:04:41,953 INFO o.a.j.t.JMeterThread: Thread finished: Cart Service 1-47
2025-11-28 09:04:42,067 INFO o.a.j.t.JMeterThread: Thread is done: Cart Service 1-53
2025-11-28 09:04:42,067 INFO o.a.j.t.JMeterThread: Thread finished: Cart Service 1-53
2025-11-28 09:04:42,087 INFO o.a.j.t.JMeterThread: Thread is done: Cart Service 1-56
2025-11-28 09:04:42,087 INFO o.a.j.t.JMeterThread: Thread finished: Cart Service 1-56
2025-11-28 09:04:42,114 INFO o.a.j.t.JMeterThread: Thread is done: Cart Service 1-43
2025-11-28 09:04:42,114 INFO o.a.j.t.JMeterThread: Thread finished: Cart Service 1-43
2025-11-28 09:04:42,172 INFO o.a.j.t.JMeterThread: Thread is done: Cart Service 1-54
2025-11-28 09:04:42,173 INFO o.a.j.t.JMeterThread: Thread finished: Cart Service 1-54
2025-11-28 09:04:42,185 INFO o.a.j.t.JMeterThread: Thread is done: Cart Service 1-68
2025-11-28 09:04:42,185 INFO o.a.j.t.JMeterThread: Thread finished: Cart Service 1-68
2025-11-28 09:04:42,205 INFO o.a.j.t.JMeterThread: Thread is done: Cart Service 1-57
2025-11-28 09:04:42,205 INFO o.a.j.t.JMeterThread: Thread finished: Cart Service 1-57
2025-11-28 09:04:42,245 INFO o.a.j.t.JMeterThread: Thread is done: Cart Service 1-50
2025-11-28 09:04:42,245 INFO o.a.j.t.JMeterThread: Thread finished: Cart Service 1-50
2025-11-28 09:04:42,254 INFO o.a.j.t.JMeterThread: Thread is done: Cart Service 1-55
2025-11-28 09:04:42,254 INFO o.a.j.t.JMeterThread: Thread finished: Cart Service 1-55
2025-11-28 09:04:42,320 INFO o.a.j.t.JMeterThread: Thread is done: Cart Service 1-71
2025-11-28 09:04:42,321 INFO o.a.j.t.JMeterThread: Thread finished: Cart Service 1-71
2025-11-28 09:04:43,073 INFO o.a.j.t.JMeterThread: Thread is done: Cart Service 1-80
2025-11-28 09:04:43,073 INFO o.a.j.t.JMeterThread: Thread finished: Cart Service 1-80
2025-11-28 09:04:43,109 INFO o.a.j.t.JMeterThread: Thread is done: Cart Service 1-64
2025-11-28 09:04:43,110 INFO o.a.j.t.JMeterThread: Thread finished: Cart Service 1-64
2025-11-28 09:04:43,130 INFO o.a.j.t.JMeterThread: Thread is done: Cart Service 1-52
2025-11-28 09:04:43,130 INFO o.a.j.t.JMeterThread: Thread finished: Cart Service 1-52
2025-11-28 09:04:43,177 INFO o.a.j.t.JMeterThread: Thread is done: Cart Service 1-66
2025-11-28 09:04:43,177 INFO o.a.j.t.JMeterThread: Thread finished: Cart Service 1-66
2025-11-28 09:04:43,177 INFO o.a.j.t.JMeterThread: Thread is done: Cart Service 1-79
2025-11-28 09:04:43,177 INFO o.a.j.t.JMeterThread: Thread finished: Cart Service 1-79
2025-11-28 09:04:43,208 INFO o.a.j.t.JMeterThread: Thread is done: Cart Service 1-70
2025-11-28 09:04:43,209 INFO o.a.j.t.JMeterThread: Thread finished: Cart Service 1-70
2025-11-28 09:04:43,215 INFO o.a.j.t.JMeterThread: Thread is done: Cart Service 1-82
2025-11-28 09:04:43,215 INFO o.a.j.t.JMeterThread: Thread finished: Cart Service 1-82
2025-11-28 09:04:43,227 INFO o.a.j.t.JMeterThread: Thread is done: Cart Service 1-62
2025-11-28 09:04:43,227 INFO o.a.j.t.JMeterThread: Thread finished: Cart Service 1-62
2025-11-28 09:04:43,343 INFO o.a.j.t.JMeterThread: Thread is done: Cart Service 1-73
2025-11-28 09:04:43,343 INFO o.a.j.t.JMeterThread: Thread is done: Cart Service 1-83
2025-11-28 09:04:43,343 INFO o.a.j.t.JMeterThread: Thread finished: Cart Service 1-83
2025-11-28 09:04:43,343 INFO o.a.j.t.JMeterThread: Thread finished: Cart Service 1-73
2025-11-28 09:04:43,930 INFO o.a.j.t.JMeterThread: Thread is done: Cart Service 1-60
2025-11-28 09:04:43,930 INFO o.a.j.t.JMeterThread: Thread finished: Cart Service 1-60
2025-11-28 09:04:43,986 INFO o.a.j.t.JMeterThread: Thread is done: Cart Service 1-65
2025-11-28 09:04:43,986 INFO o.a.j.t.JMeterThread: Thread finished: Cart Service 1-65
2025-11-28 09:04:43,999 INFO o.a.j.t.JMeterThread: Thread is done: Cart Service 1-61
2025-11-28 09:04:43,999 INFO o.a.j.t.JMeterThread: Thread finished: Cart Service 1-61
2025-11-28 09:04:44,023 INFO o.a.j.t.JMeterThread: Thread is done: Cart Service 1-67
2025-11-28 09:04:44,023 INFO o.a.j.t.JMeterThread: Thread finished: Cart Service 1-67
2025-11-28 09:04:44,031 INFO o.a.j.t.JMeterThread: Thread is done: Cart Service 1-69
2025-11-28 09:04:44,032 INFO o.a.j.t.JMeterThread: Thread finished: Cart Service 1-69
2025-11-28 09:04:44,044 INFO o.a.j.t.JMeterThread: Thread is done: Cart Service 1-72
2025-11-28 09:04:44,044 INFO o.a.j.t.JMeterThread: Thread finished: Cart Service 1-72
2025-11-28 09:04:44,108 INFO o.a.j.t.JMeterThread: Thread is done: Cart Service 1-63
2025-11-28 09:04:44,108 INFO o.a.j.t.JMeterThread: Thread finished: Cart Service 1-63
2025-11-28 09:04:44,147 INFO o.a.j.t.JMeterThread: Thread is done: Cart Service 1-76
2025-11-28 09:04:44,148 INFO o.a.j.t.JMeterThread: Thread finished: Cart Service 1-76
2025-11-28 09:04:44,230 INFO o.a.j.t.JMeterThread: Thread is done: Cart Service 1-77
2025-11-28 09:04:44,230 INFO o.a.j.t.JMeterThread: Thread finished: Cart Service 1-77
2025-11-28 09:04:44,254 INFO o.a.j.t.JMeterThread: Thread is done: Cart Service 1-74
2025-11-28 09:04:44,254 INFO o.a.j.t.JMeterThread: Thread finished: Cart Service 1-74
2025-11-28 09:04:44,895 INFO o.a.j.t.JMeterThread: Thread is done: Cart Service 1-78
2025-11-28 09:04:44,896 INFO o.a.j.t.JMeterThread: Thread finished: Cart Service 1-78
2025-11-28 09:04:44,952 INFO o.a.j.t.JMeterThread: Thread is done: Cart Service 1-85
2025-11-28 09:04:44,952 INFO o.a.j.t.JMeterThread: Thread finished: Cart Service 1-85
2025-11-28 09:04:44,963 INFO o.a.j.t.JMeterThread: Thread is done: Cart Service 1-81
2025-11-28 09:04:44,964 INFO o.a.j.t.JMeterThread: Thread finished: Cart Service 1-81
2025-11-28 09:04:44,974 INFO o.a.j.t.JMeterThread: Thread is done: Cart Service 1-75
2025-11-28 09:04:44,975 INFO o.a.j.t.JMeterThread: Thread finished: Cart Service 1-75
2025-11-28 09:04:45,009 INFO o.a.j.t.JMeterThread: Thread is done: Cart Service 1-98
2025-11-28 09:04:45,009 INFO o.a.j.t.JMeterThread: Thread finished: Cart Service 1-98
2025-11-28 09:04:45,099 INFO o.a.j.t.JMeterThread: Thread is done: Cart Service 1-97
2025-11-28 09:04:45,101 INFO o.a.j.t.JMeterThread: Thread finished: Cart Service 1-97
2025-11-28 09:04:45,099 INFO o.a.j.t.JMeterThread: Thread is done: Cart Service 1-84
2025-11-28 09:04:45,101 INFO o.a.j.t.JMeterThread: Thread finished: Cart Service 1-84
2025-11-28 09:04:45,135 INFO o.a.j.t.JMeterThread: Thread is done: Cart Service 1-93
2025-11-28 09:04:45,135 INFO o.a.j.t.JMeterThread: Thread finished: Cart Service 1-93
2025-11-28 09:04:45,180 INFO o.a.j.t.JMeterThread: Thread is done: Cart Service 1-88
2025-11-28 09:04:45,180 INFO o.a.j.t.JMeterThread: Thread finished: Cart Service 1-88
2025-11-28 09:04:45,246 INFO o.a.j.t.JMeterThread: Thread is done: Cart Service 1-92
2025-11-28 09:04:45,247 INFO o.a.j.t.JMeterThread: Thread finished: Cart Service 1-92
2025-11-28 09:04:45,903 INFO o.a.j.t.JMeterThread: Thread is done: Cart Service 1-90
2025-11-28 09:04:45,904 INFO o.a.j.t.JMeterThread: Thread finished: Cart Service 1-90
2025-11-28 09:04:45,977 INFO o.a.j.t.JMeterThread: Thread is done: Cart Service 1-87
2025-11-28 09:04:45,977 INFO o.a.j.t.JMeterThread: Thread finished: Cart Service 1-87
2025-11-28 09:04:46,010 INFO o.a.j.t.JMeterThread: Thread is done: Cart Service 1-86
2025-11-28 09:04:46,010 INFO o.a.j.t.JMeterThread: Thread finished: Cart Service 1-86
2025-11-28 09:04:46,014 INFO o.a.j.t.JMeterThread: Thread is done: Cart Service 1-96
2025-11-28 09:04:46,015 INFO o.a.j.t.JMeterThread: Thread finished: Cart Service 1-96
2025-11-28 09:04:46,102 INFO o.a.j.t.JMeterThread: Thread is done: Cart Service 1-99
2025-11-28 09:04:46,102 INFO o.a.j.t.JMeterThread: Thread finished: Cart Service 1-99
2025-11-28 09:04:46,112 INFO o.a.j.t.JMeterThread: Thread is done: Cart Service 1-119
2025-11-28 09:04:46,113 INFO o.a.j.t.JMeterThread: Thread finished: Cart Service 1-119
2025-11-28 09:04:46,149 INFO o.a.j.t.JMeterThread: Thread is done: Cart Service 1-89
2025-11-28 09:04:46,149 INFO o.a.j.t.JMeterThread: Thread is done: Cart Service 1-91
2025-11-28 09:04:46,149 INFO o.a.j.t.JMeterThread: Thread is done: Cart Service 1-108
2025-11-28 09:04:46,149 INFO o.a.j.t.JMeterThread: Thread finished: Cart Service 1-89
2025-11-28 09:04:46,149 INFO o.a.j.t.JMeterThread: Thread finished: Cart Service 1-91
2025-11-28 09:04:46,149 INFO o.a.j.t.JMeterThread: Thread finished: Cart Service 1-108
2025-11-28 09:04:46,263 INFO o.a.j.t.JMeterThread: Thread is done: Cart Service 1-100
2025-11-28 09:04:46,264 INFO o.a.j.t.JMeterThread: Thread finished: Cart Service 1-100
2025-11-28 09:04:46,855 INFO o.a.j.t.JMeterThread: Thread is done: Cart Service 1-94
2025-11-28 09:04:46,856 INFO o.a.j.t.JMeterThread: Thread finished: Cart Service 1-94
2025-11-28 09:04:46,940 INFO o.a.j.t.JMeterThread: Thread is done: Cart Service 1-103
2025-11-28 09:04:46,940 INFO o.a.j.t.JMeterThread: Thread finished: Cart Service 1-103
2025-11-28 09:04:47,001 INFO o.a.j.t.JMeterThread: Thread is done: Cart Service 1-95
2025-11-28 09:04:47,001 INFO o.a.j.t.JMeterThread: Thread finished: Cart Service 1-95
2025-11-28 09:04:47,028 INFO o.a.j.t.JMeterThread: Thread is done: Cart Service 1-113
2025-11-28 09:04:47,029 INFO o.a.j.t.JMeterThread: Thread finished: Cart Service 1-113
2025-11-28 09:04:47,078 INFO o.a.j.t.JMeterThread: Thread is done: Cart Service 1-109
2025-11-28 09:04:47,078 INFO o.a.j.t.JMeterThread: Thread finished: Cart Service 1-109
2025-11-28 09:04:47,097 INFO o.a.j.t.JMeterThread: Thread is done: Cart Service 1-106
2025-11-28 09:04:47,097 INFO o.a.j.t.JMeterThread: Thread finished: Cart Service 1-106
2025-11-28 09:04:47,122 INFO o.a.j.t.JMeterThread: Thread is done: Cart Service 1-122
2025-11-28 09:04:47,123 INFO o.a.j.t.JMeterThread: Thread finished: Cart Service 1-122
2025-11-28 09:04:47,123 INFO o.a.j.t.JMeterThread: Thread is done: Cart Service 1-110
2025-11-28 09:04:47,123 INFO o.a.j.t.JMeterThread: Thread finished: Cart Service 1-110
2025-11-28 09:04:47,131 INFO o.a.j.t.JMeterThread: Thread is done: Cart Service 1-102
2025-11-28 09:04:47,131 INFO o.a.j.t.JMeterThread: Thread finished: Cart Service 1-102
2025-11-28 09:04:47,251 INFO o.a.j.t.JMeterThread: Thread is done: Cart Service 1-121
2025-11-28 09:04:47,251 INFO o.a.j.t.JMeterThread: Thread finished: Cart Service 1-121
2025-11-28 09:04:47,717 INFO o.a.j.t.JMeterThread: Thread is done: Cart Service 1-105
2025-11-28 09:04:47,717 INFO o.a.j.t.JMeterThread: Thread finished: Cart Service 1-105
2025-11-28 09:04:47,811 INFO o.a.j.t.JMeterThread: Thread is done: Cart Service 1-111
2025-11-28 09:04:47,811 INFO o.a.j.t.JMeterThread: Thread finished: Cart Service 1-111
2025-11-28 09:04:47,816 INFO o.a.j.t.JMeterThread: Thread is done: Cart Service 1-117
2025-11-28 09:04:47,816 INFO o.a.j.t.JMeterThread: Thread finished: Cart Service 1-117
2025-11-28 09:04:47,948 INFO o.a.j.t.JMeterThread: Thread is done: Cart Service 1-120
2025-11-28 09:04:47,948 INFO o.a.j.t.JMeterThread: Thread finished: Cart Service 1-120
2025-11-28 09:04:47,948 INFO o.a.j.t.JMeterThread: Thread is done: Cart Service 1-101
2025-11-28 09:04:47,948 INFO o.a.j.t.JMeterThread: Thread finished: Cart Service 1-101
2025-11-28 09:04:47,949 INFO o.a.j.t.JMeterThread: Thread is done: Cart Service 1-107
2025-11-28 09:04:47,949 INFO o.a.j.t.JMeterThread: Thread finished: Cart Service 1-107
2025-11-28 09:04:47,959 INFO o.a.j.t.JMeterThread: Thread is done: Cart Service 1-104
2025-11-28 09:04:47,959 INFO o.a.j.t.JMeterThread: Thread finished: Cart Service 1-104
2025-11-28 09:04:48,025 INFO o.a.j.t.JMeterThread: Thread is done: Cart Service 1-150
2025-11-28 09:04:48,025 INFO o.a.j.t.JMeterThread: Thread finished: Cart Service 1-150
2025-11-28 09:04:48,045 INFO o.a.j.t.JMeterThread: Thread is done: Cart Service 1-114
2025-11-28 09:04:48,045 INFO o.a.j.t.JMeterThread: Thread finished: Cart Service 1-114
2025-11-28 09:04:48,123 INFO o.a.j.t.JMeterThread: Thread is done: Cart Service 1-144
2025-11-28 09:04:48,123 INFO o.a.j.t.JMeterThread: Thread finished: Cart Service 1-144
2025-11-28 09:04:48,579 INFO o.a.j.t.JMeterThread: Thread is done: Cart Service 1-112
2025-11-28 09:04:48,579 INFO o.a.j.t.JMeterThread: Thread finished: Cart Service 1-112
2025-11-28 09:04:48,584 INFO o.a.j.t.JMeterThread: Thread is done: Cart Service 1-115
2025-11-28 09:04:48,584 INFO o.a.j.t.JMeterThread: Thread finished: Cart Service 1-115
2025-11-28 09:04:48,701 INFO o.a.j.t.JMeterThread: Thread is done: Cart Service 1-118
2025-11-28 09:04:48,701 INFO o.a.j.t.JMeterThread: Thread finished: Cart Service 1-118
2025-11-28 09:04:48,777 INFO o.a.j.t.JMeterThread: Thread is done: Cart Service 1-145
2025-11-28 09:04:48,778 INFO o.a.j.t.JMeterThread: Thread finished: Cart Service 1-145
2025-11-28 09:04:48,784 INFO o.a.j.t.JMeterThread: Thread is done: Cart Service 1-116
2025-11-28 09:04:48,784 INFO o.a.j.t.JMeterThread: Thread finished: Cart Service 1-116
2025-11-28 09:04:48,809 INFO o.a.j.t.JMeterThread: Thread is done: Cart Service 1-142
2025-11-28 09:04:48,809 INFO o.a.j.t.JMeterThread: Thread finished: Cart Service 1-142
2025-11-28 09:04:48,819 INFO o.a.j.t.JMeterThread: Thread is done: Cart Service 1-139
2025-11-28 09:04:48,819 INFO o.a.j.t.JMeterThread: Thread finished: Cart Service 1-139
2025-11-28 09:04:48,841 INFO o.a.j.t.JMeterThread: Thread is done: Cart Service 1-132
2025-11-28 09:04:48,842 INFO o.a.j.t.JMeterThread: Thread finished: Cart Service 1-132
2025-11-28 09:04:49,019 INFO o.a.j.t.JMeterThread: Thread is done: Cart Service 1-146
2025-11-28 09:04:49,019 INFO o.a.j.t.JMeterThread: Thread finished: Cart Service 1-146
2025-11-28 09:04:49,071 INFO o.a.j.t.JMeterThread: Thread is done: Cart Service 1-149
2025-11-28 09:04:49,071 INFO o.a.j.t.JMeterThread: Thread finished: Cart Service 1-149
2025-11-28 09:04:49,577 INFO o.a.j.t.JMeterThread: Thread is done: Cart Service 1-137
2025-11-28 09:04:49,577 INFO o.a.j.t.JMeterThread: Thread finished: Cart Service 1-137
2025-11-28 09:04:49,593 INFO o.a.j.t.JMeterThread: Thread is done: Cart Service 1-141
2025-11-28 09:04:49,593 INFO o.a.j.t.JMeterThread: Thread finished: Cart Service 1-141
2025-11-28 09:04:49,764 INFO o.a.j.t.JMeterThread: Thread is done: Cart Service 1-131
2025-11-28 09:04:49,764 INFO o.a.j.t.JMeterThread: Thread finished: Cart Service 1-131
2025-11-28 09:04:49,814 INFO o.a.j.t.JMeterThread: Thread is done: Cart Service 1-147
2025-11-28 09:04:49,814 INFO o.a.j.t.JMeterThread: Thread finished: Cart Service 1-147
2025-11-28 09:04:49,825 INFO o.a.j.t.JMeterThread: Thread is done: Cart Service 1-129
2025-11-28 09:04:49,825 INFO o.a.j.t.JMeterThread: Thread finished: Cart Service 1-129
2025-11-28 09:04:49,841 INFO o.a.j.t.JMeterThread: Thread is done: Cart Service 1-136
2025-11-28 09:04:49,841 INFO o.a.j.t.JMeterThread: Thread finished: Cart Service 1-136
2025-11-28 09:04:49,869 INFO o.a.j.t.JMeterThread: Thread is done: Cart Service 1-135
2025-11-28 09:04:49,869 INFO o.a.j.t.JMeterThread: Thread finished: Cart Service 1-135
2025-11-28 09:04:50,059 INFO o.a.j.t.JMeterThread: Thread is done: Cart Service 1-123
2025-11-28 09:04:50,059 INFO o.a.j.t.JMeterThread: Thread finished: Cart Service 1-123
2025-11-28 09:04:50,137 INFO o.a.j.t.JMeterThread: Thread is done: Cart Service 1-138
2025-11-28 09:04:50,137 INFO o.a.j.t.JMeterThread: Thread finished: Cart Service 1-138
2025-11-28 09:04:50,149 INFO o.a.j.t.JMeterThread: Thread is done: Cart Service 1-148
2025-11-28 09:04:50,149 INFO o.a.j.t.JMeterThread: Thread finished: Cart Service 1-148
2025-11-28 09:04:50,800 INFO o.a.j.t.JMeterThread: Thread is done: Cart Service 1-128
2025-11-28 09:04:50,800 INFO o.a.j.t.JMeterThread: Thread finished: Cart Service 1-128
2025-11-28 09:04:50,893 INFO o.a.j.t.JMeterThread: Thread is done: Cart Service 1-124
2025-11-28 09:04:50,893 INFO o.a.j.t.JMeterThread: Thread finished: Cart Service 1-124
2025-11-28 09:04:51,120 INFO o.a.j.t.JMeterThread: Thread is done: Cart Service 1-130
2025-11-28 09:04:51,120 INFO o.a.j.t.JMeterThread: Thread finished: Cart Service 1-130
2025-11-28 09:04:51,200 INFO o.a.j.t.JMeterThread: Thread is done: Cart Service 1-140
2025-11-28 09:04:51,200 INFO o.a.j.t.JMeterThread: Thread is done: Cart Service 1-186
2025-11-28 09:04:51,200 INFO o.a.j.t.JMeterThread: Thread finished: Cart Service 1-140
2025-11-28 09:04:51,200 INFO o.a.j.t.JMeterThread: Thread finished: Cart Service 1-186
2025-11-28 09:04:51,202 INFO o.a.j.t.JMeterThread: Thread is done: Cart Service 1-126
2025-11-28 09:04:51,202 INFO o.a.j.t.JMeterThread: Thread finished: Cart Service 1-126
2025-11-28 09:04:51,248 INFO o.a.j.t.JMeterThread: Thread is done: Cart Service 1-143
2025-11-28 09:04:51,248 INFO o.a.j.t.JMeterThread: Thread finished: Cart Service 1-143
2025-11-28 09:04:51,311 INFO o.a.j.t.JMeterThread: Thread is done: Cart Service 1-125
2025-11-28 09:04:51,311 INFO o.a.j.t.JMeterThread: Thread finished: Cart Service 1-125
2025-11-28 09:04:51,575 INFO o.a.j.t.JMeterThread: Thread is done: Cart Service 1-171
2025-11-28 09:04:51,576 INFO o.a.j.t.JMeterThread: Thread finished: Cart Service 1-171
2025-11-28 09:04:51,599 INFO o.a.j.t.JMeterThread: Thread is done: Cart Service 1-158
2025-11-28 09:04:51,599 INFO o.a.j.t.JMeterThread: Thread finished: Cart Service 1-158
2025-11-28 09:04:52,185 INFO o.a.j.t.JMeterThread: Thread is done: Cart Service 1-161
2025-11-28 09:04:52,185 INFO o.a.j.t.JMeterThread: Thread finished: Cart Service 1-161
2025-11-28 09:04:52,224 INFO o.a.j.t.JMeterThread: Thread is done: Cart Service 1-127
2025-11-28 09:04:52,224 INFO o.a.j.t.JMeterThread: Thread finished: Cart Service 1-127
2025-11-28 09:04:52,308 INFO o.a.j.t.JMeterThread: Thread is done: Cart Service 1-187
2025-11-28 09:04:52,308 INFO o.a.j.t.JMeterThread: Thread finished: Cart Service 1-187
2025-11-28 09:04:52,361 INFO o.a.j.t.JMeterThread: Thread is done: Cart Service 1-159
2025-11-28 09:04:52,361 INFO o.a.j.t.JMeterThread: Thread finished: Cart Service 1-159
2025-11-28 09:04:52,406 INFO o.a.j.t.JMeterThread: Thread is done: Cart Service 1-183
2025-11-28 09:04:52,406 INFO o.a.j.t.JMeterThread: Thread finished: Cart Service 1-183
2025-11-28 09:04:52,429 INFO o.a.j.t.JMeterThread: Thread is done: Cart Service 1-184
2025-11-28 09:04:52,429 INFO o.a.j.t.JMeterThread: Thread finished: Cart Service 1-184
2025-11-28 09:04:52,609 INFO o.a.j.t.JMeterThread: Thread is done: Cart Service 1-178
2025-11-28 09:04:52,609 INFO o.a.j.t.JMeterThread: Thread finished: Cart Service 1-178
2025-11-28 09:04:52,692 INFO o.a.j.t.JMeterThread: Thread is done: Cart Service 1-175
2025-11-28 09:04:52,692 INFO o.a.j.t.JMeterThread: Thread finished: Cart Service 1-175
2025-11-28 09:04:52,843 INFO o.a.j.t.JMeterThread: Thread is done: Cart Service 1-133
2025-11-28 09:04:52,844 INFO o.a.j.t.JMeterThread: Thread finished: Cart Service 1-133
2025-11-28 09:04:52,894 INFO o.a.j.t.JMeterThread: Thread is done: Cart Service 1-181
2025-11-28 09:04:52,894 INFO o.a.j.t.JMeterThread: Thread finished: Cart Service 1-181
2025-11-28 09:04:53,541 INFO o.a.j.t.JMeterThread: Thread is done: Cart Service 1-168
2025-11-28 09:04:53,541 INFO o.a.j.t.JMeterThread: Thread finished: Cart Service 1-168
2025-11-28 09:04:53,559 INFO o.a.j.t.JMeterThread: Thread is done: Cart Service 1-162
2025-11-28 09:04:53,559 INFO o.a.j.t.JMeterThread: Thread finished: Cart Service 1-162
2025-11-28 09:04:53,616 INFO o.a.j.t.JMeterThread: Thread is done: Cart Service 1-182
2025-11-28 09:04:53,617 INFO o.a.j.t.JMeterThread: Thread finished: Cart Service 1-182
2025-11-28 09:04:53,633 INFO o.a.j.t.JMeterThread: Thread is done: Cart Service 1-160
2025-11-28 09:04:53,633 INFO o.a.j.t.JMeterThread: Thread finished: Cart Service 1-160
2025-11-28 09:04:53,676 INFO o.a.j.t.JMeterThread: Thread is done: Cart Service 1-154
2025-11-28 09:04:53,676 INFO o.a.j.t.JMeterThread: Thread finished: Cart Service 1-154
2025-11-28 09:04:53,740 INFO o.a.j.t.JMeterThread: Thread is done: Cart Service 1-174
2025-11-28 09:04:53,740 INFO o.a.j.t.JMeterThread: Thread finished: Cart Service 1-174
2025-11-28 09:04:53,885 INFO o.a.j.t.JMeterThread: Thread is done: Cart Service 1-164
2025-11-28 09:04:53,885 INFO o.a.j.t.JMeterThread: Thread finished: Cart Service 1-164
2025-11-28 09:04:53,933 INFO o.a.j.t.JMeterThread: Thread is done: Cart Service 1-167
2025-11-28 09:04:53,933 INFO o.a.j.t.JMeterThread: Thread finished: Cart Service 1-167
2025-11-28 09:04:54,174 INFO o.a.j.t.JMeterThread: Thread is done: Cart Service 1-134
2025-11-28 09:04:54,174 INFO o.a.j.t.JMeterThread: Thread finished: Cart Service 1-134
2025-11-28 09:04:54,291 INFO o.a.j.t.JMeterThread: Thread is done: Cart Service 1-156
2025-11-28 09:04:54,291 INFO o.a.j.t.JMeterThread: Thread finished: Cart Service 1-156
2025-11-28 09:04:54,767 INFO o.a.j.t.JMeterThread: Thread is done: Cart Service 1-165
2025-11-28 09:04:54,767 INFO o.a.j.t.JMeterThread: Thread finished: Cart Service 1-165
2025-11-28 09:04:54,788 INFO o.a.j.t.JMeterThread: Thread is done: Cart Service 1-153
2025-11-28 09:04:54,788 INFO o.a.j.t.JMeterThread: Thread finished: Cart Service 1-153
2025-11-28 09:04:54,804 INFO o.a.j.t.JMeterThread: Thread is done: Cart Service 1-155
2025-11-28 09:04:54,805 INFO o.a.j.t.JMeterThread: Thread finished: Cart Service 1-155
2025-11-28 09:04:54,824 INFO o.a.j.t.JMeterThread: Thread is done: Cart Service 1-169
2025-11-28 09:04:54,824 INFO o.a.j.t.JMeterThread: Thread finished: Cart Service 1-169
2025-11-28 09:04:54,916 INFO o.a.j.t.JMeterThread: Thread is done: Cart Service 1-151
2025-11-28 09:04:54,916 INFO o.a.j.t.JMeterThread: Thread finished: Cart Service 1-151
2025-11-28 09:04:54,921 INFO o.a.j.t.JMeterThread: Thread is done: Cart Service 1-170
2025-11-28 09:04:54,921 INFO o.a.j.t.JMeterThread: Thread finished: Cart Service 1-170
2025-11-28 09:04:55,194 INFO o.a.j.t.JMeterThread: Thread is done: Cart Service 1-189
2025-11-28 09:04:55,194 INFO o.a.j.t.JMeterThread: Thread is done: Cart Service 1-185
2025-11-28 09:04:55,194 INFO o.a.j.t.JMeterThread: Thread finished: Cart Service 1-189
2025-11-28 09:04:55,194 INFO o.a.j.t.JMeterThread: Thread finished: Cart Service 1-185
2025-11-28 09:04:55,380 INFO o.a.j.t.JMeterThread: Thread is done: Cart Service 1-163
2025-11-28 09:04:55,380 INFO o.a.j.t.JMeterThread: Thread finished: Cart Service 1-163
2025-11-28 09:04:55,727 INFO o.a.j.t.JMeterThread: Thread is done: Cart Service 1-188
2025-11-28 09:04:55,727 INFO o.a.j.t.JMeterThread: Thread finished: Cart Service 1-188
2025-11-28 09:04:56,240 INFO o.a.j.t.JMeterThread: Thread is done: Cart Service 1-166
2025-11-28 09:04:56,240 INFO o.a.j.t.JMeterThread: Thread finished: Cart Service 1-166
2025-11-28 09:04:56,380 INFO o.a.j.t.JMeterThread: Thread is done: Cart Service 1-172
2025-11-28 09:04:56,380 INFO o.a.j.t.JMeterThread: Thread finished: Cart Service 1-172
2025-11-28 09:04:56,402 INFO o.a.j.t.JMeterThread: Thread is done: Cart Service 1-173
2025-11-28 09:04:56,402 INFO o.a.j.t.JMeterThread: Thread finished: Cart Service 1-173
2025-11-28 09:04:56,402 INFO o.a.j.t.JMeterThread: Thread is done: Cart Service 1-194
2025-11-28 09:04:56,402 INFO o.a.j.t.JMeterThread: Thread finished: Cart Service 1-194
2025-11-28 09:04:56,422 INFO o.a.j.t.JMeterThread: Thread is done: Cart Service 1-177
2025-11-28 09:04:56,422 INFO o.a.j.t.JMeterThread: Thread finished: Cart Service 1-177
2025-11-28 09:04:56,709 INFO o.a.j.t.JMeterThread: Thread is done: Cart Service 1-198
2025-11-28 09:04:56,709 INFO o.a.j.t.JMeterThread: Thread is done: Cart Service 1-152
2025-11-28 09:04:56,709 INFO o.a.j.t.JMeterThread: Thread finished: Cart Service 1-198
2025-11-28 09:04:56,709 INFO o.a.j.t.JMeterThread: Thread finished: Cart Service 1-152
2025-11-28 09:04:56,804 INFO o.a.j.t.JMeterThread: Thread is done: Cart Service 1-193
2025-11-28 09:04:56,804 INFO o.a.j.t.JMeterThread: Thread finished: Cart Service 1-193
2025-11-28 09:04:56,893 INFO o.a.j.t.JMeterThread: Thread is done: Cart Service 1-176
2025-11-28 09:04:56,894 INFO o.a.j.t.JMeterThread: Thread finished: Cart Service 1-176
2025-11-28 09:04:57,245 INFO o.a.j.t.JMeterThread: Thread is done: Cart Service 1-157
2025-11-28 09:04:57,245 INFO o.a.j.t.JMeterThread: Thread finished: Cart Service 1-157
2025-11-28 09:04:57,736 INFO o.a.j.t.JMeterThread: Thread is done: Cart Service 1-200
2025-11-28 09:04:57,736 INFO o.a.j.t.JMeterThread: Thread is done: Cart Service 1-191
2025-11-28 09:04:57,736 INFO o.a.j.t.JMeterThread: Thread finished: Cart Service 1-191
2025-11-28 09:04:57,736 INFO o.a.j.t.JMeterThread: Thread finished: Cart Service 1-200
2025-11-28 09:04:57,736 INFO o.a.j.t.JMeterThread: Thread is done: Cart Service 1-197
2025-11-28 09:04:57,736 INFO o.a.j.t.JMeterThread: Thread finished: Cart Service 1-197
2025-11-28 09:04:57,736 INFO o.a.j.t.JMeterThread: Thread is done: Cart Service 1-180
2025-11-28 09:04:57,737 INFO o.a.j.t.JMeterThread: Thread is done: Cart Service 1-199
2025-11-28 09:04:57,737 INFO o.a.j.t.JMeterThread: Thread finished: Cart Service 1-199
2025-11-28 09:04:57,737 INFO o.a.j.t.JMeterThread: Thread finished: Cart Service 1-180
2025-11-28 09:04:57,737 INFO o.a.j.t.JMeterThread: Thread is done: Cart Service 1-195
2025-11-28 09:04:57,737 INFO o.a.j.t.JMeterThread: Thread finished: Cart Service 1-195
2025-11-28 09:04:57,848 INFO o.a.j.t.JMeterThread: Thread is done: Cart Service 1-179
2025-11-28 09:04:57,848 INFO o.a.j.t.JMeterThread: Thread finished: Cart Service 1-179
2025-11-28 09:04:57,872 INFO o.a.j.t.JMeterThread: Thread is done: Cart Service 1-190
2025-11-28 09:04:57,872 INFO o.a.j.t.JMeterThread: Thread finished: Cart Service 1-190
2025-11-28 09:04:57,914 INFO o.a.j.t.JMeterThread: Thread is done: Cart Service 1-196
2025-11-28 09:04:57,914 INFO o.a.j.t.JMeterThread: Thread finished: Cart Service 1-196
2025-11-28 09:04:57,963 INFO o.a.j.t.JMeterThread: Thread is done: Cart Service 1-192
2025-11-28 09:04:57,964 INFO o.a.j.t.JMeterThread: Thread finished: Cart Service 1-192
2025-11-28 09:04:57,964 INFO o.a.j.e.StandardJMeterEngine: Notifying test listeners of end of test
2025-11-28 09:04:57,964 INFO o.a.j.g.u.JMeterMenuBar: setRunning(false, *local*)
